<?xml version="1.0" encoding="UTF-8"?>
<testsuite xmlns:xsi="http://www.w3.org/2001/XMLSchema-instance" xsi:noNamespaceSchemaLocation="https://maven.apache.org/surefire/maven-surefire-plugin/xsd/surefire-test-report.xsd" name="RegistrationTest" time="18.136" tests="2" errors="0" skipped="0" failures="0">
  <properties>
[...]
</properties>
  <testcase name="checkingSuccessfulRegistration" classname="RegistrationTest" time="9.584"/>
  <testcase name="checkingForBadPasswordLogin" classname="RegistrationTest" time="8.543"/>
</testsuite>