<?xml version="1.0" encoding="UTF-8"?>
<testsuite xmlns:xsi="http://www.w3.org/2001/XMLSchema-instance" xsi:noNamespaceSchemaLocation="https://maven.apache.org/surefire/maven-surefire-plugin/xsd/surefire-test-report.xsd" name="CabinetTest" time="44.028" tests="3" errors="1" skipped="0" failures="0">
  <properties>
[...]
</properties>
  <testcase name="testConstructorButton" classname="CabinetTest" time="20.913">
    <error message="no such window: target window already closed&#10;from unknown error: web view not found&#10;  (Session info: chrome=123.0.6312.106)&#10;Build info: version: &apos;3.141.59&apos;, revision: &apos;e82be7d358&apos;, time: &apos;2018-11-14T08:17:03&apos;&#10;System info: host: &apos;DESKTOP-ARH58AK&apos;, ip: &apos;192.168.1.35&apos;, os.name: &apos;Windows 10&apos;, os.arch: &apos;amd64&apos;, os.version: &apos;10.0&apos;, java.version: &apos;21.0.1&apos;&#10;Driver info: org.openqa.selenium.chrome.ChromeDriver&#10;Capabilities {acceptInsecureCerts: false, browserName: chrome, browserVersion: 123.0.6312.106, chrome: {chromedriverVersion: 123.0.6312.105 (399174dbe6e..., userDataDir: C:\Users\servis\AppData\Loc...}, fedcm:accounts: true, goog:chromeOptions: {debuggerAddress: localhost:50804}, javascriptEnabled: true, networkConnectionEnabled: false, pageLoadStrategy: normal, platform: WINDOWS, platformName: WINDOWS, proxy: Proxy(), setWindowRect: true, strictFileInteractability: false, timeouts: {implicit: 0, pageLoad: 300000, script: 30000}, unhandledPromptBehavior: dismiss and notify, webauthn:extension:credBlob: true, webauthn:extension:largeBlob: true, webauthn:extension:minPinLength: true, webauthn:extension:prf: true, webauthn:virtualAuthenticators: true}&#10;Session ID: 9bf0cd77f54187859b1705c123980c5d&#10;*** Element info: {Using=xpath, value=.//button[text()=&apos;Войти в аккаунт&apos;]}" type="org.openqa.selenium.NoSuchWindowException">org.openqa.selenium.NoSuchWindowException: 
no such window: target window already closed
from unknown error: web view not found
  (Session info: chrome=123.0.6312.106)
Build info: version: '3.141.59', revision: 'e82be7d358', time: '2018-11-14T08:17:03'
System info: host: 'DESKTOP-ARH58AK', ip: '192.168.1.35', os.name: 'Windows 10', os.arch: 'amd64', os.version: '10.0', java.version: '21.0.1'
Driver info: org.openqa.selenium.chrome.ChromeDriver
Capabilities {acceptInsecureCerts: false, browserName: chrome, browserVersion: 123.0.6312.106, chrome: {chromedriverVersion: 123.0.6312.105 (399174dbe6e..., userDataDir: C:\Users\servis\AppData\Loc...}, fedcm:accounts: true, goog:chromeOptions: {debuggerAddress: localhost:50804}, javascriptEnabled: true, networkConnectionEnabled: false, pageLoadStrategy: normal, platform: WINDOWS, platformName: WINDOWS, proxy: Proxy(), setWindowRect: true, strictFileInteractability: false, timeouts: {implicit: 0, pageLoad: 300000, script: 30000}, unhandledPromptBehavior: dismiss and notify, webauthn:extension:credBlob: true, webauthn:extension:largeBlob: true, webauthn:extension:minPinLength: true, webauthn:extension:prf: true, webauthn:virtualAuthenticators: true}
Session ID: 9bf0cd77f54187859b1705c123980c5d
*** Element info: {Using=xpath, value=.//button[text()='Войти в аккаунт']}
	at CabinetTest.setUp(CabinetTest.java:31)
</error>
    <system-out><![CDATA[Request method:	POST
Request URI:	https://stellarburgers.nomoreparties.site/api/auth/register
Proxy:			<none>
Request params:	<none>
Query params:	<none>
Form params:	<none>
Path params:	<none>
Headers:		Accept=*/*
				Content-Type=application/json
Cookies:		<none>
Multiparts:		<none>
Body:
{
    "email": "garayevas@yandex.ru",
    "password": "123456",
    "name": "Sairis"
}
HTTP/1.1 200 OK
Date: Mon, 08 Apr 2024 00:28:25 GMT
Content-Type: application/json; charset=utf-8
Transfer-Encoding: chunked
Connection: keep-alive
X-Powered-By: Express
Access-Control-Allow-Origin: *
authorization: Bearer eyJhbGciOiJIUzI1NiIsInR5cCI6IkpXVCJ9.eyJpZCI6IjY2MTMzYTI5OWVkMjgwMDAxYjNlMTJmMCIsImlhdCI6MTcxMjUzNjEwNSwiZXhwIjoxNzEyNTM3MzA1fQ.br2pB4zM6OrbEHh2gqiYprAUxwcrN_l1vHIFkA-w3cA
ETag: W/"16c-Qzu6bVO88fa6LzqKvh8xTMkF3gk"
CF-Cache-Status: DYNAMIC
Report-To: {"endpoints":[{"url":"https:\/\/a.nel.cloudflare.com\/report\/v4?s=D3NH2F939kaA8lMhsZKFNkpPea9tuP3Sq1dWR2Ms3M%2FH1mcnUVW7eGPnIKmbH5g0g2ytqusRpF9%2BEJmnw%2FhaPJ3YwoJoP15zwiES2awc7bp9UZVgBTpqfBdeLBpaUjviPbu7xXbcmWcMvlqAoF%2F5KCzPMgU%3D"}],"group":"cf-nel","max_age":604800}
NEL: {"success_fraction":0,"report_to":"cf-nel","max_age":604800}
Server: cloudflare
CF-RAY: 870e23216f9e9e6c-CDG
Content-Encoding: gzip
alt-svc: h3=":443"; ma=86400

{
    "success": true,
    "user": {
        "email": "garayevas@yandex.ru",
        "name": "Sairis"
    },
    "accessToken": "Bearer eyJhbGciOiJIUzI1NiIsInR5cCI6IkpXVCJ9.eyJpZCI6IjY2MTMzYTI5OWVkMjgwMDAxYjNlMTJmMCIsImlhdCI6MTcxMjUzNjEwNSwiZXhwIjoxNzEyNTM3MzA1fQ.br2pB4zM6OrbEHh2gqiYprAUxwcrN_l1vHIFkA-w3cA",
    "refreshToken": "aa2ec0e4e77a01d761298a46e14b679d0b4aaf01da0a64ab702802fe218f43e81ab5c8fc73ad4159"
}
Request method:	POST
Request URI:	https://stellarburgers.nomoreparties.site/api/auth/login
Proxy:			<none>
Request params:	<none>
Query params:	<none>
Form params:	<none>
Path params:	<none>
Headers:		Accept=*/*
				Content-Type=application/json
Cookies:		<none>
Multiparts:		<none>
Body:
{
    "email": "garayevas@yandex.ru",
    "password": "123456"
}
HTTP/1.1 200 OK
Date: Mon, 08 Apr 2024 00:28:26 GMT
Content-Type: application/json; charset=utf-8
Transfer-Encoding: chunked
Connection: keep-alive
X-Powered-By: Express
Access-Control-Allow-Origin: *
ETag: W/"16c-oXt8MCLTWQZLR8x1g/eS1WpYggU"
CF-Cache-Status: DYNAMIC
Report-To: {"endpoints":[{"url":"https:\/\/a.nel.cloudflare.com\/report\/v4?s=C5cC6vft5rI%2B%2FWgYqABzHuy%2FbYQOzTtAXy3wAbzJtmp8pA9tMXkfv%2F5etjNJdAwvymFqi1WqYla8P2awAKuid%2FQu8mW84NysciV4zU2Xwa6rBSTE%2B4KXUoemgIWBo3DlBX%2FkHysmlEEu%2BEx26LrD1L6jyh4%3D"}],"group":"cf-nel","max_age":604800}
NEL: {"success_fraction":0,"report_to":"cf-nel","max_age":604800}
Server: cloudflare
CF-RAY: 870e23278e485d3e-FRA
Content-Encoding: gzip
alt-svc: h3=":443"; ma=86400

{
    "success": true,
    "accessToken": "Bearer eyJhbGciOiJIUzI1NiIsInR5cCI6IkpXVCJ9.eyJpZCI6IjY2MTMzYTI5OWVkMjgwMDAxYjNlMTJmMCIsImlhdCI6MTcxMjUzNjEwNiwiZXhwIjoxNzEyNTM3MzA2fQ.WLLSGL_MjbCWQYyTrKZhk27gBCNL5EfU7rj4XV2Qcnw",
    "refreshToken": "a57bc8625d260c94d00f5ee868c2f1c85453a0d30ddbbc477cd92afc0b7bdcc412ee025c9877ab81",
    "user": {
        "email": "garayevas@yandex.ru",
        "name": "Sairis"
    }
}
Request method:	DELETE
Request URI:	https://stellarburgers.nomoreparties.site/api/auth/user
Proxy:			<none>
Request params:	<none>
Query params:	<none>
Form params:	<none>
Path params:	<none>
Headers:		Authorization=Bearer eyJhbGciOiJIUzI1NiIsInR5cCI6IkpXVCJ9.eyJpZCI6IjY2MTMzYTI5OWVkMjgwMDAxYjNlMTJmMCIsImlhdCI6MTcxMjUzNjEwNiwiZXhwIjoxNzEyNTM3MzA2fQ.WLLSGL_MjbCWQYyTrKZhk27gBCNL5EfU7rj4XV2Qcnw
				Accept=*/*
				Content-Type=application/json
Cookies:		<none>
Multiparts:		<none>
Body:			<none>
HTTP/1.1 202 Accepted
Date: Mon, 08 Apr 2024 00:28:29 GMT
Content-Type: application/json; charset=utf-8
Content-Length: 54
Connection: keep-alive
X-Powered-By: Express
Access-Control-Allow-Origin: *
ETag: W/"36-hDmZnQ3Ou/ynnqAeC6TYmyseuzY"
CF-Cache-Status: DYNAMIC
Report-To: {"endpoints":[{"url":"https:\/\/a.nel.cloudflare.com\/report\/v4?s=XSVK%2BOzXpDKVHJbM384GbzV4Wtrs%2Fq3z8JoD03tKHkKAyt0%2FPJg2iZOJu93CtlhPLQDoIl4ZGu58Idy4ch7x6fD1qF6BDEb0oOOMtloIMNP5j%2FOy647EGCZnm7qRy%2B8n%2FR8NeO%2BGnAdywnMnv0Gn8VQ2t4Q%3D"}],"group":"cf-nel","max_age":604800}
NEL: {"success_fraction":0,"report_to":"cf-nel","max_age":604800}
Server: cloudflare
CF-RAY: 870e233b18211d9c-FRA
alt-svc: h3=":443"; ma=86400

{
    "success": true,
    "message": "User successfully removed"
}
]]></system-out>
    <system-err><![CDATA[SLF4J: Failed to load class "org.slf4j.impl.StaticLoggerBinder".
SLF4J: Defaulting to no-operation (NOP) logger implementation
SLF4J: See http://www.slf4j.org/codes.html#StaticLoggerBinder for further details.
Starting ChromeDriver 123.0.6312.105 (399174dbe6eff0f59de9a6096129c0c827002b3a-refs/branch-heads/6312@{#761}) on port 31551
Only local connections are allowed.
Please see https://chromedriver.chromium.org/security-considerations for suggestions on keeping ChromeDriver safe.
ChromeDriver was started successfully.
апр. 08, 2024 3:28:11 AM org.openqa.selenium.remote.ProtocolHandshake createSession
INFO: Detected dialect: W3C
]]></system-err>
  </testcase>
  <testcase name="testAccountPageDisplayed" classname="CabinetTest" time="10.801"/>
  <testcase name="testLogoButton" classname="CabinetTest" time="11.257"/>
</testsuite>