<?xml version="1.0" encoding="UTF-8"?>
<testsuite xmlns:xsi="http://www.w3.org/2001/XMLSchema-instance" xsi:noNamespaceSchemaLocation="https://maven.apache.org/surefire/maven-surefire-plugin/xsd/surefire-test-report.xsd" name="LoginTest" time="30.558" tests="4" errors="3" skipped="0" failures="0">
  <properties>
[...]
</properties>
  <testcase name="checkLoginOnRegistrationPage" classname="LoginTest" time="11.622"/>
  <testcase name="checkLoginOnMainPage" classname="LoginTest" time="6.032">
    <error message="no such window: target window already closed&#10;from unknown error: web view not found&#10;  (Session info: chrome=123.0.6312.106)&#10;Build info: version: &apos;3.141.59&apos;, revision: &apos;e82be7d358&apos;, time: &apos;2018-11-14T08:17:03&apos;&#10;System info: host: &apos;DESKTOP-ARH58AK&apos;, ip: &apos;192.168.1.35&apos;, os.name: &apos;Windows 10&apos;, os.arch: &apos;amd64&apos;, os.version: &apos;10.0&apos;, java.version: &apos;21.0.1&apos;&#10;Driver info: org.openqa.selenium.chrome.ChromeDriver&#10;Capabilities {acceptInsecureCerts: false, browserName: chrome, browserVersion: 123.0.6312.106, chrome: {chromedriverVersion: 123.0.6312.105 (399174dbe6e..., userDataDir: C:\Users\servis\AppData\Loc...}, fedcm:accounts: true, goog:chromeOptions: {debuggerAddress: localhost:51071}, javascriptEnabled: true, networkConnectionEnabled: false, pageLoadStrategy: normal, platform: WINDOWS, platformName: WINDOWS, proxy: Proxy(), setWindowRect: true, strictFileInteractability: false, timeouts: {implicit: 0, pageLoad: 300000, script: 30000}, unhandledPromptBehavior: dismiss and notify, webauthn:extension:credBlob: true, webauthn:extension:largeBlob: true, webauthn:extension:minPinLength: true, webauthn:extension:prf: true, webauthn:virtualAuthenticators: true}&#10;Session ID: 333ee52a5ff2ab2cb1da05a550a259d3&#10;*** Element info: {Using=xpath, value=.//button[text()=&apos;Войти в аккаунт&apos;]}" type="org.openqa.selenium.NoSuchWindowException">org.openqa.selenium.NoSuchWindowException: 
no such window: target window already closed
from unknown error: web view not found
  (Session info: chrome=123.0.6312.106)
Build info: version: '3.141.59', revision: 'e82be7d358', time: '2018-11-14T08:17:03'
System info: host: 'DESKTOP-ARH58AK', ip: '192.168.1.35', os.name: 'Windows 10', os.arch: 'amd64', os.version: '10.0', java.version: '21.0.1'
Driver info: org.openqa.selenium.chrome.ChromeDriver
Capabilities {acceptInsecureCerts: false, browserName: chrome, browserVersion: 123.0.6312.106, chrome: {chromedriverVersion: 123.0.6312.105 (399174dbe6e..., userDataDir: C:\Users\servis\AppData\Loc...}, fedcm:accounts: true, goog:chromeOptions: {debuggerAddress: localhost:51071}, javascriptEnabled: true, networkConnectionEnabled: false, pageLoadStrategy: normal, platform: WINDOWS, platformName: WINDOWS, proxy: Proxy(), setWindowRect: true, strictFileInteractability: false, timeouts: {implicit: 0, pageLoad: 300000, script: 30000}, unhandledPromptBehavior: dismiss and notify, webauthn:extension:credBlob: true, webauthn:extension:largeBlob: true, webauthn:extension:minPinLength: true, webauthn:extension:prf: true, webauthn:virtualAuthenticators: true}
Session ID: 333ee52a5ff2ab2cb1da05a550a259d3
*** Element info: {Using=xpath, value=.//button[text()='Войти в аккаунт']}
	at LoginTest.checkLoginOnMainPage(LoginTest.java:35)
</error>
    <system-out><![CDATA[Request method:	POST
Request URI:	https://stellarburgers.nomoreparties.site/api/auth/register
Proxy:			<none>
Request params:	<none>
Query params:	<none>
Form params:	<none>
Path params:	<none>
Headers:		Accept=*/*
				Content-Type=application/json
Cookies:		<none>
Multiparts:		<none>
Body:
{
    "email": "garayevas@yandex.ru",
    "password": "123456",
    "name": "Sairis"
}
HTTP/1.1 200 OK
Date: Mon, 08 Apr 2024 00:29:23 GMT
Content-Type: application/json; charset=utf-8
Transfer-Encoding: chunked
Connection: keep-alive
X-Powered-By: Express
Access-Control-Allow-Origin: *
authorization: Bearer eyJhbGciOiJIUzI1NiIsInR5cCI6IkpXVCJ9.eyJpZCI6IjY2MTMzYTYzOWVkMjgwMDAxYjNlMTJmZiIsImlhdCI6MTcxMjUzNjE2MywiZXhwIjoxNzEyNTM3MzYzfQ.MQziEuAXl3_YuaE_WD9icoySTvT2_zSaYycIoRupEl4
ETag: W/"16c-dS2dQwIw8yA/iRB/Kr9vp6RlG54"
CF-Cache-Status: DYNAMIC
Report-To: {"endpoints":[{"url":"https:\/\/a.nel.cloudflare.com\/report\/v4?s=OjinXyiJ8NpTsTbzl0FUWxO0hrUNSfV%2FHfKtbHe%2BRmmsZJi2VeYOTDrrqPvztFZqiVo%2Bid6bpImaoIVf3BpDFK0imu8sS4zYyhOGMVhjF%2BIJoZnNEdqj31QZnP9DHZvHcuF5O5KBFeUJYpLspradAnVKvT0%3D"}],"group":"cf-nel","max_age":604800}
NEL: {"success_fraction":0,"report_to":"cf-nel","max_age":604800}
Server: cloudflare
CF-RAY: 870e248c6e0fd605-CDG
Content-Encoding: gzip
alt-svc: h3=":443"; ma=86400

{
    "success": true,
    "user": {
        "email": "garayevas@yandex.ru",
        "name": "Sairis"
    },
    "accessToken": "Bearer eyJhbGciOiJIUzI1NiIsInR5cCI6IkpXVCJ9.eyJpZCI6IjY2MTMzYTYzOWVkMjgwMDAxYjNlMTJmZiIsImlhdCI6MTcxMjUzNjE2MywiZXhwIjoxNzEyNTM3MzYzfQ.MQziEuAXl3_YuaE_WD9icoySTvT2_zSaYycIoRupEl4",
    "refreshToken": "f0926275ca8c7c12c7467a4930651b15b07aafa6e8d98dc6838d37771fee98baadaedb72f3242f0b"
}
Request method:	POST
Request URI:	https://stellarburgers.nomoreparties.site/api/auth/login
Proxy:			<none>
Request params:	<none>
Query params:	<none>
Form params:	<none>
Path params:	<none>
Headers:		Accept=*/*
				Content-Type=application/json
Cookies:		<none>
Multiparts:		<none>
Body:
{
    "email": "garayevas@yandex.ru",
    "password": "123456"
}
HTTP/1.1 200 OK
Date: Mon, 08 Apr 2024 00:29:24 GMT
Content-Type: application/json; charset=utf-8
Transfer-Encoding: chunked
Connection: keep-alive
X-Powered-By: Express
Access-Control-Allow-Origin: *
ETag: W/"16c-GlT6FOmE5485R1SXHa/cX9+A+m8"
CF-Cache-Status: DYNAMIC
Report-To: {"endpoints":[{"url":"https:\/\/a.nel.cloudflare.com\/report\/v4?s=6%2BpCrgvPxGKGG4340XHWuAS%2B9%2FExkVdpADYlwxEFZ9T8syAaunmSyzow76WU26PCbFgHTNZCUYpAddIqgDpkpz2rrro3yRAYNxwRpViYeURGYMczAlv9bsAbaOp%2FZMSg7ov44ZISzjXdbQ%2FPtZY1zNDCErU%3D"}],"group":"cf-nel","max_age":604800}
NEL: {"success_fraction":0,"report_to":"cf-nel","max_age":604800}
Server: cloudflare
CF-RAY: 870e24904d618fd7-FRA
Content-Encoding: gzip
alt-svc: h3=":443"; ma=86400

{
    "success": true,
    "accessToken": "Bearer eyJhbGciOiJIUzI1NiIsInR5cCI6IkpXVCJ9.eyJpZCI6IjY2MTMzYTYzOWVkMjgwMDAxYjNlMTJmZiIsImlhdCI6MTcxMjUzNjE2MywiZXhwIjoxNzEyNTM3MzYzfQ.MQziEuAXl3_YuaE_WD9icoySTvT2_zSaYycIoRupEl4",
    "refreshToken": "3c645b053167381d68178709139eeb5c137649fdfd6b367b3f1d8e72e831818b36e34dd03427ea98",
    "user": {
        "email": "garayevas@yandex.ru",
        "name": "Sairis"
    }
}
Request method:	DELETE
Request URI:	https://stellarburgers.nomoreparties.site/api/auth/user
Proxy:			<none>
Request params:	<none>
Query params:	<none>
Form params:	<none>
Path params:	<none>
Headers:		Authorization=Bearer eyJhbGciOiJIUzI1NiIsInR5cCI6IkpXVCJ9.eyJpZCI6IjY2MTMzYTYzOWVkMjgwMDAxYjNlMTJmZiIsImlhdCI6MTcxMjUzNjE2MywiZXhwIjoxNzEyNTM3MzYzfQ.MQziEuAXl3_YuaE_WD9icoySTvT2_zSaYycIoRupEl4
				Accept=*/*
				Content-Type=application/json
Cookies:		<none>
Multiparts:		<none>
Body:			<none>
HTTP/1.1 202 Accepted
Date: Mon, 08 Apr 2024 00:29:24 GMT
Content-Type: application/json; charset=utf-8
Content-Length: 54
Connection: keep-alive
X-Powered-By: Express
Access-Control-Allow-Origin: *
ETag: W/"36-hDmZnQ3Ou/ynnqAeC6TYmyseuzY"
CF-Cache-Status: DYNAMIC
Report-To: {"endpoints":[{"url":"https:\/\/a.nel.cloudflare.com\/report\/v4?s=um2qtTc9KxAHsjFvgKUo9M9qFib3kJVV33Ep%2FyEpA4BrACzUMTbKs9KJCmATE3o0Yj6jhPT9K8InUMSay3D3i%2BNw4MhEE7uEnNyWqNbjjEU9%2Fq2xjDO4w2CP7d6lOzM8kRPMyaJHq2CRsi%2Fkj0wS6uVR%2BOI%3D"}],"group":"cf-nel","max_age":604800}
NEL: {"success_fraction":0,"report_to":"cf-nel","max_age":604800}
Server: cloudflare
CF-RAY: 870e2494be2e19a0-FRA
alt-svc: h3=":443"; ma=86400

{
    "success": true,
    "message": "User successfully removed"
}
]]></system-out>
    <system-err><![CDATA[Starting ChromeDriver 123.0.6312.105 (399174dbe6eff0f59de9a6096129c0c827002b3a-refs/branch-heads/6312@{#761}) on port 30771
Only local connections are allowed.
Please see https://chromedriver.chromium.org/security-considerations for suggestions on keeping ChromeDriver safe.
ChromeDriver was started successfully.
апр. 08, 2024 3:29:17 AM org.openqa.selenium.remote.ProtocolHandshake createSession
INFO: Detected dialect: W3C
]]></system-err>
  </testcase>
  <testcase name="checkLoginOnPasswordRecoveryPage" classname="LoginTest" time="5.874">
    <error message="no such window: target window already closed&#10;from unknown error: web view not found&#10;  (Session info: chrome=123.0.6312.106)&#10;Build info: version: &apos;3.141.59&apos;, revision: &apos;e82be7d358&apos;, time: &apos;2018-11-14T08:17:03&apos;&#10;System info: host: &apos;DESKTOP-ARH58AK&apos;, ip: &apos;192.168.1.35&apos;, os.name: &apos;Windows 10&apos;, os.arch: &apos;amd64&apos;, os.version: &apos;10.0&apos;, java.version: &apos;21.0.1&apos;&#10;Driver info: org.openqa.selenium.chrome.ChromeDriver&#10;Capabilities {acceptInsecureCerts: false, browserName: chrome, browserVersion: 123.0.6312.106, chrome: {chromedriverVersion: 123.0.6312.105 (399174dbe6e..., userDataDir: C:\Users\servis\AppData\Loc...}, fedcm:accounts: true, goog:chromeOptions: {debuggerAddress: localhost:51108}, javascriptEnabled: true, networkConnectionEnabled: false, pageLoadStrategy: normal, platform: WINDOWS, platformName: WINDOWS, proxy: Proxy(), setWindowRect: true, strictFileInteractability: false, timeouts: {implicit: 0, pageLoad: 300000, script: 30000}, unhandledPromptBehavior: dismiss and notify, webauthn:extension:credBlob: true, webauthn:extension:largeBlob: true, webauthn:extension:minPinLength: true, webauthn:extension:prf: true, webauthn:virtualAuthenticators: true}&#10;Session ID: 3e1014bf90e7fbd48e6ba3367812f2e2&#10;*** Element info: {Using=xpath, value=.//button[text()=&apos;Войти в аккаунт&apos;]}" type="org.openqa.selenium.NoSuchWindowException">org.openqa.selenium.NoSuchWindowException: 
no such window: target window already closed
from unknown error: web view not found
  (Session info: chrome=123.0.6312.106)
Build info: version: '3.141.59', revision: 'e82be7d358', time: '2018-11-14T08:17:03'
System info: host: 'DESKTOP-ARH58AK', ip: '192.168.1.35', os.name: 'Windows 10', os.arch: 'amd64', os.version: '10.0', java.version: '21.0.1'
Driver info: org.openqa.selenium.chrome.ChromeDriver
Capabilities {acceptInsecureCerts: false, browserName: chrome, browserVersion: 123.0.6312.106, chrome: {chromedriverVersion: 123.0.6312.105 (399174dbe6e..., userDataDir: C:\Users\servis\AppData\Loc...}, fedcm:accounts: true, goog:chromeOptions: {debuggerAddress: localhost:51108}, javascriptEnabled: true, networkConnectionEnabled: false, pageLoadStrategy: normal, platform: WINDOWS, platformName: WINDOWS, proxy: Proxy(), setWindowRect: true, strictFileInteractability: false, timeouts: {implicit: 0, pageLoad: 300000, script: 30000}, unhandledPromptBehavior: dismiss and notify, webauthn:extension:credBlob: true, webauthn:extension:largeBlob: true, webauthn:extension:minPinLength: true, webauthn:extension:prf: true, webauthn:virtualAuthenticators: true}
Session ID: 3e1014bf90e7fbd48e6ba3367812f2e2
*** Element info: {Using=xpath, value=.//button[text()='Войти в аккаунт']}
	at LoginTest.checkLoginOnPasswordRecoveryPage(LoginTest.java:64)
</error>
    <system-out><![CDATA[Request method:	POST
Request URI:	https://stellarburgers.nomoreparties.site/api/auth/register
Proxy:			<none>
Request params:	<none>
Query params:	<none>
Form params:	<none>
Path params:	<none>
Headers:		Accept=*/*
				Content-Type=application/json
Cookies:		<none>
Multiparts:		<none>
Body:
{
    "email": "garayevas@yandex.ru",
    "password": "123456",
    "name": "Sairis"
}
HTTP/1.1 200 OK
Date: Mon, 08 Apr 2024 00:29:29 GMT
Content-Type: application/json; charset=utf-8
Transfer-Encoding: chunked
Connection: keep-alive
X-Powered-By: Express
Access-Control-Allow-Origin: *
authorization: Bearer eyJhbGciOiJIUzI1NiIsInR5cCI6IkpXVCJ9.eyJpZCI6IjY2MTMzYTY5OWVkMjgwMDAxYjNlMTMwMiIsImlhdCI6MTcxMjUzNjE2OSwiZXhwIjoxNzEyNTM3MzY5fQ.s0mvVB2xNzh75zfHCz--V_YiZWd1EycPS0eVxUHNI3E
ETag: W/"16c-HwG/4yq6sJ3wUmsISfxo//q4QHc"
CF-Cache-Status: DYNAMIC
Report-To: {"endpoints":[{"url":"https:\/\/a.nel.cloudflare.com\/report\/v4?s=ECVG8Y62aq86lueYLcM7d%2FiVFiaQQ9TpcL0qUHTLQyblx3%2BeCA59WuGbNBXNTyyAtCqg35o31cjfyCMNRTy519Rbrqa%2F8zlfno8bvBVg7pvPAxT3ayL8CWiinkXGnov9y8CVbYJDuPiznUyumzFycZEzzlc%3D"}],"group":"cf-nel","max_age":604800}
NEL: {"success_fraction":0,"report_to":"cf-nel","max_age":604800}
Server: cloudflare
CF-RAY: 870e24b27b21228e-CDG
Content-Encoding: gzip
alt-svc: h3=":443"; ma=86400

{
    "success": true,
    "user": {
        "email": "garayevas@yandex.ru",
        "name": "Sairis"
    },
    "accessToken": "Bearer eyJhbGciOiJIUzI1NiIsInR5cCI6IkpXVCJ9.eyJpZCI6IjY2MTMzYTY5OWVkMjgwMDAxYjNlMTMwMiIsImlhdCI6MTcxMjUzNjE2OSwiZXhwIjoxNzEyNTM3MzY5fQ.s0mvVB2xNzh75zfHCz--V_YiZWd1EycPS0eVxUHNI3E",
    "refreshToken": "f2d4df8c58143750de64a5033e86acf7668d62a84e0238bbe69949c3fc30c748a8860b4a3846376f"
}
Request method:	POST
Request URI:	https://stellarburgers.nomoreparties.site/api/auth/login
Proxy:			<none>
Request params:	<none>
Query params:	<none>
Form params:	<none>
Path params:	<none>
Headers:		Accept=*/*
				Content-Type=application/json
Cookies:		<none>
Multiparts:		<none>
Body:
{
    "email": "garayevas@yandex.ru",
    "password": "123456"
}
HTTP/1.1 200 OK
Date: Mon, 08 Apr 2024 00:29:30 GMT
Content-Type: application/json; charset=utf-8
Transfer-Encoding: chunked
Connection: keep-alive
X-Powered-By: Express
Access-Control-Allow-Origin: *
ETag: W/"16c-vNrNLVLuyW3IjGvhRGpgcDkMiC4"
CF-Cache-Status: DYNAMIC
Report-To: {"endpoints":[{"url":"https:\/\/a.nel.cloudflare.com\/report\/v4?s=TAtVwrLi%2BEl02GiO%2F8ijPfUy7Yp8GlyL98nyB%2BDZYqNLZK99gIeAdfd7dtbAQv8Et8%2FNRzaIrcrLdq8ifrXTj3BDrpOJviaD3jaKO16pkulJ6RZMMppR4iUqYxdhKGz9YMJwyjxvFz1EwuKtbN03tbOyui8%3D"}],"group":"cf-nel","max_age":604800}
NEL: {"success_fraction":0,"report_to":"cf-nel","max_age":604800}
Server: cloudflare
CF-RAY: 870e24b69980029a-CDG
Content-Encoding: gzip
alt-svc: h3=":443"; ma=86400

{
    "success": true,
    "accessToken": "Bearer eyJhbGciOiJIUzI1NiIsInR5cCI6IkpXVCJ9.eyJpZCI6IjY2MTMzYTY5OWVkMjgwMDAxYjNlMTMwMiIsImlhdCI6MTcxMjUzNjE3MCwiZXhwIjoxNzEyNTM3MzcwfQ.mhmmzklznqV5Keh81D-kl-TOi6WOkirpKAJbErD37xI",
    "refreshToken": "38f0d883499a229c3bc98825d7ce63663a5b87d9a9fff465045377b251c8ec5f7dd995bb621eda69",
    "user": {
        "email": "garayevas@yandex.ru",
        "name": "Sairis"
    }
}
Request method:	DELETE
Request URI:	https://stellarburgers.nomoreparties.site/api/auth/user
Proxy:			<none>
Request params:	<none>
Query params:	<none>
Form params:	<none>
Path params:	<none>
Headers:		Authorization=Bearer eyJhbGciOiJIUzI1NiIsInR5cCI6IkpXVCJ9.eyJpZCI6IjY2MTMzYTY5OWVkMjgwMDAxYjNlMTMwMiIsImlhdCI6MTcxMjUzNjE3MCwiZXhwIjoxNzEyNTM3MzcwfQ.mhmmzklznqV5Keh81D-kl-TOi6WOkirpKAJbErD37xI
				Accept=*/*
				Content-Type=application/json
Cookies:		<none>
Multiparts:		<none>
Body:			<none>
HTTP/1.1 202 Accepted
Date: Mon, 08 Apr 2024 00:29:30 GMT
Content-Type: application/json; charset=utf-8
Content-Length: 54
Connection: keep-alive
X-Powered-By: Express
Access-Control-Allow-Origin: *
ETag: W/"36-hDmZnQ3Ou/ynnqAeC6TYmyseuzY"
CF-Cache-Status: DYNAMIC
Report-To: {"endpoints":[{"url":"https:\/\/a.nel.cloudflare.com\/report\/v4?s=Xa%2FN7IpuKnxOVI1ynFm0b2KKC3537OQNq5ttYaZYXbR6kiSfhDFbLkL2OEf7Avzd0VnImQPUjpy6fkbIw6DkwC6cwIv9TW6SHLqO9iF2QigvOQt7LLgegL8vt%2B9SVGJHHDusvlFEGOX82b2euH9hK%2FIYCWc%3D"}],"group":"cf-nel","max_age":604800}
NEL: {"success_fraction":0,"report_to":"cf-nel","max_age":604800}
Server: cloudflare
CF-RAY: 870e24b9fe0037e9-FRA
alt-svc: h3=":443"; ma=86400

{
    "success": true,
    "message": "User successfully removed"
}
]]></system-out>
    <system-err><![CDATA[Starting ChromeDriver 123.0.6312.105 (399174dbe6eff0f59de9a6096129c0c827002b3a-refs/branch-heads/6312@{#761}) on port 47045
Only local connections are allowed.
Please see https://chromedriver.chromium.org/security-considerations for suggestions on keeping ChromeDriver safe.
ChromeDriver was started successfully.
апр. 08, 2024 3:29:24 AM org.openqa.selenium.remote.ProtocolHandshake createSession
INFO: Detected dialect: W3C
]]></system-err>
  </testcase>
  <testcase name="checkLoginByPersonalAccountButton" classname="LoginTest" time="6.895">
    <error message="no such window: target window already closed&#10;from unknown error: web view not found&#10;  (Session info: chrome=123.0.6312.106)&#10;Build info: version: &apos;3.141.59&apos;, revision: &apos;e82be7d358&apos;, time: &apos;2018-11-14T08:17:03&apos;&#10;System info: host: &apos;DESKTOP-ARH58AK&apos;, ip: &apos;192.168.1.35&apos;, os.name: &apos;Windows 10&apos;, os.arch: &apos;amd64&apos;, os.version: &apos;10.0&apos;, java.version: &apos;21.0.1&apos;&#10;Driver info: org.openqa.selenium.chrome.ChromeDriver&#10;Capabilities {acceptInsecureCerts: false, browserName: chrome, browserVersion: 123.0.6312.106, chrome: {chromedriverVersion: 123.0.6312.105 (399174dbe6e..., userDataDir: C:\Users\servis\AppData\Loc...}, fedcm:accounts: true, goog:chromeOptions: {debuggerAddress: localhost:51148}, javascriptEnabled: true, networkConnectionEnabled: false, pageLoadStrategy: normal, platform: WINDOWS, platformName: WINDOWS, proxy: Proxy(), setWindowRect: true, strictFileInteractability: false, timeouts: {implicit: 0, pageLoad: 300000, script: 30000}, unhandledPromptBehavior: dismiss and notify, webauthn:extension:credBlob: true, webauthn:extension:largeBlob: true, webauthn:extension:minPinLength: true, webauthn:extension:prf: true, webauthn:virtualAuthenticators: true}&#10;Session ID: fcdec9d64a474cb82d2c709370b1e424&#10;*** Element info: {Using=xpath, value=//p[text()=&apos;Личный Кабинет&apos;]}" type="org.openqa.selenium.NoSuchWindowException">org.openqa.selenium.NoSuchWindowException: 
no such window: target window already closed
from unknown error: web view not found
  (Session info: chrome=123.0.6312.106)
Build info: version: '3.141.59', revision: 'e82be7d358', time: '2018-11-14T08:17:03'
System info: host: 'DESKTOP-ARH58AK', ip: '192.168.1.35', os.name: 'Windows 10', os.arch: 'amd64', os.version: '10.0', java.version: '21.0.1'
Driver info: org.openqa.selenium.chrome.ChromeDriver
Capabilities {acceptInsecureCerts: false, browserName: chrome, browserVersion: 123.0.6312.106, chrome: {chromedriverVersion: 123.0.6312.105 (399174dbe6e..., userDataDir: C:\Users\servis\AppData\Loc...}, fedcm:accounts: true, goog:chromeOptions: {debuggerAddress: localhost:51148}, javascriptEnabled: true, networkConnectionEnabled: false, pageLoadStrategy: normal, platform: WINDOWS, platformName: WINDOWS, proxy: Proxy(), setWindowRect: true, strictFileInteractability: false, timeouts: {implicit: 0, pageLoad: 300000, script: 30000}, unhandledPromptBehavior: dismiss and notify, webauthn:extension:credBlob: true, webauthn:extension:largeBlob: true, webauthn:extension:minPinLength: true, webauthn:extension:prf: true, webauthn:virtualAuthenticators: true}
Session ID: fcdec9d64a474cb82d2c709370b1e424
*** Element info: {Using=xpath, value=//p[text()='Личный Кабинет']}
	at LoginTest.checkLoginByPersonalAccountButton(LoginTest.java:44)
</error>
    <system-out><![CDATA[Request method:	POST
Request URI:	https://stellarburgers.nomoreparties.site/api/auth/register
Proxy:			<none>
Request params:	<none>
Query params:	<none>
Form params:	<none>
Path params:	<none>
Headers:		Accept=*/*
				Content-Type=application/json
Cookies:		<none>
Multiparts:		<none>
Body:
{
    "email": "garayevas@yandex.ru",
    "password": "123456",
    "name": "Sairis"
}
HTTP/1.1 200 OK
Date: Mon, 08 Apr 2024 00:29:36 GMT
Content-Type: application/json; charset=utf-8
Transfer-Encoding: chunked
Connection: keep-alive
X-Powered-By: Express
Access-Control-Allow-Origin: *
authorization: Bearer eyJhbGciOiJIUzI1NiIsInR5cCI6IkpXVCJ9.eyJpZCI6IjY2MTMzYTcwOWVkMjgwMDAxYjNlMTMwNSIsImlhdCI6MTcxMjUzNjE3NiwiZXhwIjoxNzEyNTM3Mzc2fQ.ifcGG1UAZFEiqeuH6TPykHYd0XWd2XlQRWc4fXR1l2A
ETag: W/"16c-Pn0rl21/A+NnY3vWabK1ET51D8w"
CF-Cache-Status: DYNAMIC
Report-To: {"endpoints":[{"url":"https:\/\/a.nel.cloudflare.com\/report\/v4?s=3SFTpXXgmRi3BGV%2FfoW9%2BO73TSz4JWoykdVt%2BYYDHYRrKOV0RrcwbEz9n1ppg%2B300HR67dc03qLJezKw%2BHNuNGdwMj5E7ofx6yKu%2BtpxnaATSIy2aRmnG%2Fx0%2F8EgfMnkClxMKTAirYrmUiYXEpXviYEe%2Fx4%3D"}],"group":"cf-nel","max_age":604800}
NEL: {"success_fraction":0,"report_to":"cf-nel","max_age":604800}
Server: cloudflare
CF-RAY: 870e24dd38745d82-FRA
Content-Encoding: gzip
alt-svc: h3=":443"; ma=86400

{
    "success": true,
    "user": {
        "email": "garayevas@yandex.ru",
        "name": "Sairis"
    },
    "accessToken": "Bearer eyJhbGciOiJIUzI1NiIsInR5cCI6IkpXVCJ9.eyJpZCI6IjY2MTMzYTcwOWVkMjgwMDAxYjNlMTMwNSIsImlhdCI6MTcxMjUzNjE3NiwiZXhwIjoxNzEyNTM3Mzc2fQ.ifcGG1UAZFEiqeuH6TPykHYd0XWd2XlQRWc4fXR1l2A",
    "refreshToken": "932080f49c5078ef3077e6c791cd0b410cc2ea836e48c070bd5dcb6206128066eff938378dcec2f3"
}
Request method:	POST
Request URI:	https://stellarburgers.nomoreparties.site/api/auth/login
Proxy:			<none>
Request params:	<none>
Query params:	<none>
Form params:	<none>
Path params:	<none>
Headers:		Accept=*/*
				Content-Type=application/json
Cookies:		<none>
Multiparts:		<none>
Body:
{
    "email": "garayevas@yandex.ru",
    "password": "123456"
}
HTTP/1.1 200 OK
Date: Mon, 08 Apr 2024 00:29:37 GMT
Content-Type: application/json; charset=utf-8
Transfer-Encoding: chunked
Connection: keep-alive
X-Powered-By: Express
Access-Control-Allow-Origin: *
ETag: W/"16c-BtXb8IWRVabdgbYq/BxffLhtBTw"
CF-Cache-Status: DYNAMIC
Report-To: {"endpoints":[{"url":"https:\/\/a.nel.cloudflare.com\/report\/v4?s=s%2FVcmiCo%2BvdNgdhboS4R8ht5ZHJSjvID12cUOsS3sJ5X2ZtzH4CwZC4hPAgzQkc%2FfKOitaxug%2FSE%2FxTHFa41gh8vp4FvW7GXrxFLBzr7rivI9B%2FPWxdEZNklT%2Bqf5Ps%2FICRgAPQinUhSMsUp5cZNJaaOBBA%3D"}],"group":"cf-nel","max_age":604800}
NEL: {"success_fraction":0,"report_to":"cf-nel","max_age":604800}
Server: cloudflare
CF-RAY: 870e24e18c3a0bcc-AMS
Content-Encoding: gzip
alt-svc: h3=":443"; ma=86400

{
    "success": true,
    "accessToken": "Bearer eyJhbGciOiJIUzI1NiIsInR5cCI6IkpXVCJ9.eyJpZCI6IjY2MTMzYTcwOWVkMjgwMDAxYjNlMTMwNSIsImlhdCI6MTcxMjUzNjE3NywiZXhwIjoxNzEyNTM3Mzc3fQ.Xa3K6RIKGRBXFFUhqqVEQafWYArJNPwPDNEipcvzZ-w",
    "refreshToken": "0a795e64efd30057f57d2e071bdd71e422a85f958ac69c6df62c50380b1be0a18537acf365b4e3f1",
    "user": {
        "email": "garayevas@yandex.ru",
        "name": "Sairis"
    }
}
Request method:	DELETE
Request URI:	https://stellarburgers.nomoreparties.site/api/auth/user
Proxy:			<none>
Request params:	<none>
Query params:	<none>
Form params:	<none>
Path params:	<none>
Headers:		Authorization=Bearer eyJhbGciOiJIUzI1NiIsInR5cCI6IkpXVCJ9.eyJpZCI6IjY2MTMzYTcwOWVkMjgwMDAxYjNlMTMwNSIsImlhdCI6MTcxMjUzNjE3NywiZXhwIjoxNzEyNTM3Mzc3fQ.Xa3K6RIKGRBXFFUhqqVEQafWYArJNPwPDNEipcvzZ-w
				Accept=*/*
				Content-Type=application/json
Cookies:		<none>
Multiparts:		<none>
Body:			<none>
HTTP/1.1 202 Accepted
Date: Mon, 08 Apr 2024 00:29:37 GMT
Content-Type: application/json; charset=utf-8
Content-Length: 54
Connection: keep-alive
X-Powered-By: Express
Access-Control-Allow-Origin: *
ETag: W/"36-hDmZnQ3Ou/ynnqAeC6TYmyseuzY"
CF-Cache-Status: DYNAMIC
Report-To: {"endpoints":[{"url":"https:\/\/a.nel.cloudflare.com\/report\/v4?s=Yc714S6wrx0K8JuIaJocb%2BlNBN7Il%2BsJKhQfURfdnpCTJ9vBDvixsxG%2FdkxjMY97HFiAdl3OmUxgfwWo%2Fb6KYtiCnobOa%2BrQ%2BYJGfsCAF%2FWcgiQrhWwPErTiRvUIkEen1uBdCUjjaxWzxkxCcAR55WTeszY%3D"}],"group":"cf-nel","max_age":604800}
NEL: {"success_fraction":0,"report_to":"cf-nel","max_age":604800}
Server: cloudflare
CF-RAY: 870e24e55de806d0-AMS
alt-svc: h3=":443"; ma=86400

{
    "success": true,
    "message": "User successfully removed"
}
]]></system-out>
    <system-err><![CDATA[Starting ChromeDriver 123.0.6312.105 (399174dbe6eff0f59de9a6096129c0c827002b3a-refs/branch-heads/6312@{#761}) on port 25137
Only local connections are allowed.
Please see https://chromedriver.chromium.org/security-considerations for suggestions on keeping ChromeDriver safe.
ChromeDriver was started successfully.
апр. 08, 2024 3:29:30 AM org.openqa.selenium.remote.ProtocolHandshake createSession
INFO: Detected dialect: W3C
]]></system-err>
  </testcase>
</testsuite>