<?xml version="1.0" encoding="UTF-8"?>
<testsuite xmlns:xsi="http://www.w3.org/2001/XMLSchema-instance" xsi:noNamespaceSchemaLocation="https://maven.apache.org/surefire/maven-surefire-plugin/xsd/surefire-test-report.xsd" name="LogoutTest" time="6.162" tests="1" errors="1" skipped="0" failures="0">
  <properties>
[...]
</properties>
  <testcase name="checkExitButton" classname="LogoutTest" time="6.158">
    <error message="no such window: target window already closed&#10;from unknown error: web view not found&#10;  (Session info: chrome=123.0.6312.106)&#10;Build info: version: &apos;3.141.59&apos;, revision: &apos;e82be7d358&apos;, time: &apos;2018-11-14T08:17:03&apos;&#10;System info: host: &apos;DESKTOP-ARH58AK&apos;, ip: &apos;192.168.1.35&apos;, os.name: &apos;Windows 10&apos;, os.arch: &apos;amd64&apos;, os.version: &apos;10.0&apos;, java.version: &apos;21.0.1&apos;&#10;Driver info: org.openqa.selenium.chrome.ChromeDriver&#10;Capabilities {acceptInsecureCerts: false, browserName: chrome, browserVersion: 123.0.6312.106, chrome: {chromedriverVersion: 123.0.6312.105 (399174dbe6e..., userDataDir: C:\Users\servis\AppData\Loc...}, fedcm:accounts: true, goog:chromeOptions: {debuggerAddress: localhost:51193}, javascriptEnabled: true, networkConnectionEnabled: false, pageLoadStrategy: normal, platform: WINDOWS, platformName: WINDOWS, proxy: Proxy(), setWindowRect: true, strictFileInteractability: false, timeouts: {implicit: 0, pageLoad: 300000, script: 30000}, unhandledPromptBehavior: dismiss and notify, webauthn:extension:credBlob: true, webauthn:extension:largeBlob: true, webauthn:extension:minPinLength: true, webauthn:extension:prf: true, webauthn:virtualAuthenticators: true}&#10;Session ID: e95930b158f786b00c6ae71a8ec52c6e&#10;*** Element info: {Using=xpath, value=.//button[text()=&apos;Войти в аккаунт&apos;]}" type="org.openqa.selenium.NoSuchWindowException">org.openqa.selenium.NoSuchWindowException: 
no such window: target window already closed
from unknown error: web view not found
  (Session info: chrome=123.0.6312.106)
Build info: version: '3.141.59', revision: 'e82be7d358', time: '2018-11-14T08:17:03'
System info: host: 'DESKTOP-ARH58AK', ip: '192.168.1.35', os.name: 'Windows 10', os.arch: 'amd64', os.version: '10.0', java.version: '21.0.1'
Driver info: org.openqa.selenium.chrome.ChromeDriver
Capabilities {acceptInsecureCerts: false, browserName: chrome, browserVersion: 123.0.6312.106, chrome: {chromedriverVersion: 123.0.6312.105 (399174dbe6e..., userDataDir: C:\Users\servis\AppData\Loc...}, fedcm:accounts: true, goog:chromeOptions: {debuggerAddress: localhost:51193}, javascriptEnabled: true, networkConnectionEnabled: false, pageLoadStrategy: normal, platform: WINDOWS, platformName: WINDOWS, proxy: Proxy(), setWindowRect: true, strictFileInteractability: false, timeouts: {implicit: 0, pageLoad: 300000, script: 30000}, unhandledPromptBehavior: dismiss and notify, webauthn:extension:credBlob: true, webauthn:extension:largeBlob: true, webauthn:extension:minPinLength: true, webauthn:extension:prf: true, webauthn:virtualAuthenticators: true}
Session ID: e95930b158f786b00c6ae71a8ec52c6e
*** Element info: {Using=xpath, value=.//button[text()='Войти в аккаунт']}
	at LogoutTest.setUp(LogoutTest.java:31)
</error>
    <system-out><![CDATA[Request method:	POST
Request URI:	https://stellarburgers.nomoreparties.site/api/auth/register
Proxy:			<none>
Request params:	<none>
Query params:	<none>
Form params:	<none>
Path params:	<none>
Headers:		Accept=*/*
				Content-Type=application/json
Cookies:		<none>
Multiparts:		<none>
Body:
{
    "email": "garayevas@yandex.ru",
    "password": "123456",
    "name": "Sairis"
}
HTTP/1.1 200 OK
Date: Mon, 08 Apr 2024 00:29:42 GMT
Content-Type: application/json; charset=utf-8
Transfer-Encoding: chunked
Connection: keep-alive
X-Powered-By: Express
Access-Control-Allow-Origin: *
authorization: Bearer eyJhbGciOiJIUzI1NiIsInR5cCI6IkpXVCJ9.eyJpZCI6IjY2MTMzYTc2OWVkMjgwMDAxYjNlMTMwOCIsImlhdCI6MTcxMjUzNjE4MiwiZXhwIjoxNzEyNTM3MzgyfQ.duwyHbdmwU02Xc4THT1heULbtrkWO0qACkXnYm-z8aU
ETag: W/"16c-zBfl5O3gVUrIEllHknCl/j0wKPY"
CF-Cache-Status: DYNAMIC
Report-To: {"endpoints":[{"url":"https:\/\/a.nel.cloudflare.com\/report\/v4?s=%2BLjPgqdjhmeBA9ZZ5JCfSKzAWJCDTqY3HaS%2BukgVawkN34d77zNfdxWZ985%2B2ni6Q79LSrIhl1AhOH%2BDt0yLtGULoGn%2Btj%2BW66%2BvrlCHAXQnpJNub3Q5HZ9ED3gwsjRd0ToWcJ7fs5J8VUrRv21WrAwbVYI%3D"}],"group":"cf-nel","max_age":604800}
NEL: {"success_fraction":0,"report_to":"cf-nel","max_age":604800}
Server: cloudflare
CF-RAY: 870e2503ba46bb50-FRA
Content-Encoding: gzip
alt-svc: h3=":443"; ma=86400

{
    "success": true,
    "user": {
        "email": "garayevas@yandex.ru",
        "name": "Sairis"
    },
    "accessToken": "Bearer eyJhbGciOiJIUzI1NiIsInR5cCI6IkpXVCJ9.eyJpZCI6IjY2MTMzYTc2OWVkMjgwMDAxYjNlMTMwOCIsImlhdCI6MTcxMjUzNjE4MiwiZXhwIjoxNzEyNTM3MzgyfQ.duwyHbdmwU02Xc4THT1heULbtrkWO0qACkXnYm-z8aU",
    "refreshToken": "634861640d6f3120c60e8750de4692d7ed4b5c7b7039752c5462ed6d130b0593cc00b9ef9946f323"
}
Request method:	POST
Request URI:	https://stellarburgers.nomoreparties.site/api/auth/login
Proxy:			<none>
Request params:	<none>
Query params:	<none>
Form params:	<none>
Path params:	<none>
Headers:		Accept=*/*
				Content-Type=application/json
Cookies:		<none>
Multiparts:		<none>
Body:
{
    "email": "garayevas@yandex.ru",
    "password": "123456"
}
HTTP/1.1 200 OK
Date: Mon, 08 Apr 2024 00:29:43 GMT
Content-Type: application/json; charset=utf-8
Transfer-Encoding: chunked
Connection: keep-alive
X-Powered-By: Express
Access-Control-Allow-Origin: *
ETag: W/"16c-6B1WQnUta/JFzwt9OUSB+TkItO4"
CF-Cache-Status: DYNAMIC
Report-To: {"endpoints":[{"url":"https:\/\/a.nel.cloudflare.com\/report\/v4?s=5ZF9E2KOCvSgH84pSFAIBkUH1kRwVjB1BQ95k8Z9j%2F2hhPLCvBiBTyEmp9fbfaEr5%2FGXfziTtZOsGwhwPzEw6lenr3PeUgVSwaZUuHuFYC%2FVcmJ%2BRWjN3uNV0bOc74c67WoHtn1vspt7o8xzZCEJp6ECT0Q%3D"}],"group":"cf-nel","max_age":604800}
NEL: {"success_fraction":0,"report_to":"cf-nel","max_age":604800}
Server: cloudflare
CF-RAY: 870e25075a219e8a-CDG
Content-Encoding: gzip
alt-svc: h3=":443"; ma=86400

{
    "success": true,
    "accessToken": "Bearer eyJhbGciOiJIUzI1NiIsInR5cCI6IkpXVCJ9.eyJpZCI6IjY2MTMzYTc2OWVkMjgwMDAxYjNlMTMwOCIsImlhdCI6MTcxMjUzNjE4MywiZXhwIjoxNzEyNTM3MzgzfQ.adjwFIw0FHYB6QhKDOfMY_Ou0pTcogQKt9IGu8Rd4HQ",
    "refreshToken": "e469f209cfdcf44b8a0416c1b52f528a0402c37c395c412276bd519900c55b47df36b1730e0172d8",
    "user": {
        "email": "garayevas@yandex.ru",
        "name": "Sairis"
    }
}
Request method:	DELETE
Request URI:	https://stellarburgers.nomoreparties.site/api/auth/user
Proxy:			<none>
Request params:	<none>
Query params:	<none>
Form params:	<none>
Path params:	<none>
Headers:		Authorization=Bearer eyJhbGciOiJIUzI1NiIsInR5cCI6IkpXVCJ9.eyJpZCI6IjY2MTMzYTc2OWVkMjgwMDAxYjNlMTMwOCIsImlhdCI6MTcxMjUzNjE4MywiZXhwIjoxNzEyNTM3MzgzfQ.adjwFIw0FHYB6QhKDOfMY_Ou0pTcogQKt9IGu8Rd4HQ
				Accept=*/*
				Content-Type=application/json
Cookies:		<none>
Multiparts:		<none>
Body:			<none>
HTTP/1.1 202 Accepted
Date: Mon, 08 Apr 2024 00:29:43 GMT
Content-Type: application/json; charset=utf-8
Content-Length: 54
Connection: keep-alive
X-Powered-By: Express
Access-Control-Allow-Origin: *
ETag: W/"36-hDmZnQ3Ou/ynnqAeC6TYmyseuzY"
CF-Cache-Status: DYNAMIC
Report-To: {"endpoints":[{"url":"https:\/\/a.nel.cloudflare.com\/report\/v4?s=hSKUpfSwYPEF6dBfwf4lq02zbT3pXphb9MsNGDxSuoUoxWS6mf%2BiKoBjS9Cu8zHGOcONBb%2FLWitKLdGvkx%2FqO236BFCA%2B5w42U35vatI03rXQ%2FfwODeiWZJdrvyiUpcdr0zqwIN6AlfUv0Y2F5HkwB3I6fE%3D"}],"group":"cf-nel","max_age":604800}
NEL: {"success_fraction":0,"report_to":"cf-nel","max_age":604800}
Server: cloudflare
CF-RAY: 870e250b0e938ffa-FRA
alt-svc: h3=":443"; ma=86400

{
    "success": true,
    "message": "User successfully removed"
}
]]></system-out>
    <system-err><![CDATA[Starting ChromeDriver 123.0.6312.105 (399174dbe6eff0f59de9a6096129c0c827002b3a-refs/branch-heads/6312@{#761}) on port 13935
Only local connections are allowed.
Please see https://chromedriver.chromium.org/security-considerations for suggestions on keeping ChromeDriver safe.
ChromeDriver was started successfully.
апр. 08, 2024 3:29:37 AM org.openqa.selenium.remote.ProtocolHandshake createSession
INFO: Detected dialect: W3C
]]></system-err>
  </testcase>
</testsuite>